<?xml version="1.0" encoding="UTF-8"?>
<!-- Generated by org.testng.reporters.JUnitReportReporter -->
<testsuite skipped="0" hostname="LAPTOP-78A1A2K5" name="com.test.Learn_Groups" tests="5" failures="0" timestamp="2021-10-04T19:12:04 IST" time="0.007" errors="0">
  <testcase name="classMate" time="0.004" classname="com.test.Learn_Groups"/>
  <system-out/>
  <testcase name="montex" time="0.001" classname="com.test.Learn_Groups"/>
  <system-out/>
  <testcase name="cello" time="0.001" classname="com.test.Learn_Groups"/>
  <system-out/>
  <testcase name="cosco" time="0.001" classname="com.test.Learn_Groups"/>
  <system-out/>
  <testcase name="flair" time="0.000" classname="com.test.Learn_Groups"/>
  <system-out/>
</testsuite> <!-- com.test.Learn_Groups -->
