<?xml version="1.0" encoding="UTF-8"?>
<!-- Generated by org.testng.reporters.JUnitReportReporter -->
<testsuite skipped="0" hostname="LAPTOP-78A1A2K5" name="com.Test_NG.Annotations_Practise" tests="9" failures="0" timestamp="2021-09-21T18:50:01 IST" time="3.035" errors="0">
  <testcase name="dressesPage" time="0.003" classname="com.Test_NG.Annotations_Practise"/>
  <system-out/>
  <testcase name="plusButton" time="3.016" classname="com.Test_NG.Annotations_Practise"/>
  <system-out/>
  <testcase name="size" time="0.003" classname="com.Test_NG.Annotations_Practise"/>
  <system-out/>
  <testcase name="addToCart" time="0.002" classname="com.Test_NG.Annotations_Practise"/>
  <system-out/>
  <testcase name="addressPage" time="0.002" classname="com.Test_NG.Annotations_Practise"/>
  <system-out/>
  <testcase name="shippingPage" time="0.001" classname="com.Test_NG.Annotations_Practise"/>
  <system-out/>
  <testcase name="paymentMethod" time="0.005" classname="com.Test_NG.Annotations_Practise"/>
  <system-out/>
  <testcase name="paymentMethod" time="0.002" classname="com.Test_NG.Annotations_Practise"/>
  <system-out/>
  <testcase name="paymentMethod" time="0.001" classname="com.Test_NG.Annotations_Practise"/>
  <system-out/>
</testsuite> <!-- com.Test_NG.Annotations_Practise -->
