<?xml version="1.0" encoding="UTF-8"?>
<!-- Generated by org.testng.reporters.JUnitReportReporter -->
<testsuite skipped="0" hostname="LAPTOP-78A1A2K5" name="com.test.Parallel_Test2" tests="1" failures="0" timestamp="2021-10-04T18:42:52 IST" time="6.063" errors="0">
  <testcase name="dresses" time="6.063" classname="com.test.Parallel_Test2"/>
  <system-out/>
</testsuite> <!-- com.test.Parallel_Test2 -->
