<?xml version="1.0" encoding="UTF-8"?>
<!-- Generated by org.testng.reporters.JUnitReportReporter -->
<testsuite skipped="0" hostname="LAPTOP-78A1A2K5" name="com.Test_NG.Test_Ng_Automation" tests="23" failures="0" timestamp="2021-09-25T12:54:48 IST" time="27.041" errors="0">
  <testcase name="logInPage" time="3.106" classname="com.Test_NG.Test_Ng_Automation"/>
  <system-out/>
  <testcase name="dressesPage" time="5.806" classname="com.Test_NG.Test_Ng_Automation"/>
  <system-out/>
  <testcase name="quickPage" time="3.705" classname="com.Test_NG.Test_Ng_Automation"/>
  <system-out/>
  <testcase name="plusButton" time="0.056" classname="com.Test_NG.Test_Ng_Automation"/>
  <system-out/>
  <testcase name="plusButton" time="0.061" classname="com.Test_NG.Test_Ng_Automation"/>
  <system-out/>
  <testcase name="plusButton" time="0.047" classname="com.Test_NG.Test_Ng_Automation"/>
  <system-out/>
  <testcase name="plusButton" time="0.059" classname="com.Test_NG.Test_Ng_Automation"/>
  <system-out/>
  <testcase name="plusButton" time="0.064" classname="com.Test_NG.Test_Ng_Automation"/>
  <system-out/>
  <testcase name="plusButton" time="0.054" classname="com.Test_NG.Test_Ng_Automation"/>
  <system-out/>
  <testcase name="plusButton" time="0.098" classname="com.Test_NG.Test_Ng_Automation"/>
  <system-out/>
  <testcase name="plusButton" time="0.059" classname="com.Test_NG.Test_Ng_Automation"/>
  <system-out/>
  <testcase name="plusButton" time="0.055" classname="com.Test_NG.Test_Ng_Automation"/>
  <system-out/>
  <testcase name="plusButton" time="0.068" classname="com.Test_NG.Test_Ng_Automation"/>
  <system-out/>
  <testcase name="plusButton" time="0.055" classname="com.Test_NG.Test_Ng_Automation"/>
  <system-out/>
  <testcase name="plusButton" time="0.055" classname="com.Test_NG.Test_Ng_Automation"/>
  <system-out/>
  <testcase name="plusButton" time="0.057" classname="com.Test_NG.Test_Ng_Automation"/>
  <system-out/>
  <testcase name="plusButton" time="0.046" classname="com.Test_NG.Test_Ng_Automation"/>
  <system-out/>
  <testcase name="size" time="0.670" classname="com.Test_NG.Test_Ng_Automation"/>
  <system-out/>
  <testcase name="addToCart" time="3.948" classname="com.Test_NG.Test_Ng_Automation"/>
  <system-out/>
  <testcase name="summaryPage" time="2.876" classname="com.Test_NG.Test_Ng_Automation"/>
  <system-out/>
  <testcase name="addressPage" time="2.287" classname="com.Test_NG.Test_Ng_Automation"/>
  <system-out/>
  <testcase name="Shipping_Page" time="3.534" classname="com.Test_NG.Test_Ng_Automation"/>
  <system-out/>
  <testcase name="Payment_Method" time="0.275" classname="com.Test_NG.Test_Ng_Automation"/>
  <system-out/>
</testsuite> <!-- com.Test_NG.Test_Ng_Automation -->
