<?xml version="1.0" encoding="UTF-8"?>
<!-- Generated by org.testng.reporters.JUnitReportReporter -->
<testsuite skipped="2" hostname="LAPTOP-78A1A2K5" name="com.test.Invocation_Time_Out" tests="13" failures="0" timestamp="2021-10-04T15:49:26 IST" time="3.024" errors="0">
  <testcase name="brilliant" time="0.006" classname="com.test.Invocation_Time_Out"/>
  <system-out/>
  <testcase name="reynolds" time="0.001" classname="com.test.Invocation_Time_Out"/>
  <system-out/>
  <testcase name="doms" time="0.001" classname="com.test.Invocation_Time_Out"/>
  <system-out/>
  <testcase name="pilot" time="0.001" classname="com.test.Invocation_Time_Out"/>
  <system-out/>
  <testcase name="cello" time="0.001" classname="com.test.Invocation_Time_Out"/>
  <system-out/>
  <testcase name="natraj" time="0.001" classname="com.test.Invocation_Time_Out"/>
  <system-out/>
  <testcase name="cosco" time="0.000" classname="com.test.Invocation_Time_Out"/>
  <system-out/>
  <testcase name="flair" time="3.008" classname="com.test.Invocation_Time_Out"/>
  <system-out/>
  <testcase name="camlin" time="0.001" classname="com.test.Invocation_Time_Out"/>
  <system-out/>
  <testcase name="camlin" time="0.002" classname="com.test.Invocation_Time_Out"/>
  <system-out/>
  <testcase name="camlin" time="0.002" classname="com.test.Invocation_Time_Out"/>
  <system-out/>
  <testcase name="classMate" classname="com.test.Invocation_Time_Out">
    <skipped/>
  </testcase> <!-- classMate -->
  <system-out/>
  <testcase name="montex" classname="com.test.Invocation_Time_Out">
    <skipped/>
  </testcase> <!-- montex -->
  <system-out/>
</testsuite> <!-- com.test.Invocation_Time_Out -->
