<?xml version="1.0" encoding="UTF-8"?>
<!-- Generated by org.testng.reporters.JUnitReportReporter -->
<testsuite skipped="0" hostname="LAPTOP-78A1A2K5" name="com.test.Dependency" tests="3" failures="0" timestamp="2021-10-04T11:58:30 IST" time="0.005" errors="0">
  <testcase name="pilot" time="0.005" classname="com.test.Dependency"/>
  <system-out/>
  <testcase name="cello" time="0.000" classname="com.test.Dependency"/>
  <system-out/>
  <testcase name="camlin" time="0.000" classname="com.test.Dependency"/>
  <system-out/>
</testsuite> <!-- com.test.Dependency -->
