<?xml version="1.0" encoding="UTF-8"?>
<!-- Generated by org.testng.reporters.JUnitReportReporter -->
<testsuite skipped="0" hostname="LAPTOP-78A1A2K5" name="com.test.Parameters_Data" tests="1" failures="0" timestamp="2021-10-04T19:36:56 IST" time="17.264" errors="0">
  <testcase name="login" time="17.264" classname="com.test.Parameters_Data"/>
  <system-out/>
</testsuite> <!-- com.test.Parameters_Data -->
