<?xml version="1.0" encoding="UTF-8"?>
<!-- Generated by org.testng.reporters.JUnitReportReporter -->
<testsuite skipped="0" hostname="LAPTOP-78A1A2K5" name="com.Test_NG.Assert_Concept_Soft" tests="1" failures="0" timestamp="2021-10-05T13:32:43 IST" time="0.008" errors="0">
  <testcase name="data_Validation" time="0.008" classname="com.Test_NG.Assert_Concept_Soft"/>
  <system-out/>
</testsuite> <!-- com.Test_NG.Assert_Concept_Soft -->
