<?xml version="1.0" encoding="UTF-8"?>
<!-- Generated by org.testng.reporters.JUnitReportReporter -->
<testsuite skipped="0" hostname="LAPTOP-78A1A2K5" name="com.Test_NG.Before_After" tests="3" failures="0" timestamp="2021-09-21T12:34:09 IST" time="0.010" errors="0">
  <testcase name="homePage" time="0.007" classname="com.Test_NG.Before_After"/>
  <system-out/>
  <testcase name="products" time="0.002" classname="com.Test_NG.Before_After"/>
  <system-out/>
  <testcase name="productsJackets" time="0.001" classname="com.Test_NG.Before_After"/>
  <system-out/>
</testsuite> <!-- com.Test_NG.Before_After -->
