<?xml version="1.0" encoding="UTF-8"?>
<!-- Generated by org.testng.reporters.JUnitReportReporter -->
<testsuite skipped="0" hostname="LAPTOP-78A1A2K5" name="com.Test_NG.Automation_Practise" tests="1" failures="0" timestamp="2021-09-21T11:25:12 IST" time="0.006" errors="0">
  <testcase name="printer" time="0.006" classname="com.Test_NG.Automation_Practise"/>
  <system-out/>
</testsuite> <!-- com.Test_NG.Automation_Practise -->
