<?xml version="1.0" encoding="UTF-8"?>
<!-- Generated by org.testng.reporters.JUnitReportReporter -->
<testsuite skipped="0" hostname="LAPTOP-78A1A2K5" name="com.test.Data_Provider" tests="2" failures="0" timestamp="2021-10-04T16:55:07 IST" time="30.231" errors="0">
  <testcase name="login" time="13.748" classname="com.test.Data_Provider"/>
  <system-out/>
  <testcase name="login" time="16.483" classname="com.test.Data_Provider"/>
  <system-out/>
</testsuite> <!-- com.test.Data_Provider -->
