<?xml version="1.0" encoding="UTF-8"?>
<!-- Generated by org.testng.reporters.JUnitReportReporter -->
<testsuite skipped="0" hostname="LAPTOP-78A1A2K5" name="com.test.Ignore" tests="12" failures="0" timestamp="2021-10-04T11:02:11 IST" time="0.013" errors="0">
  <testcase name="classMate" time="0.000" classname="com.test.Ignore"/>
  <system-out/>
  <testcase name="montex" time="0.013" classname="com.test.Ignore"/>
  <system-out/>
  <testcase name="apsara" time="0.000" classname="com.test.Ignore"/>
  <system-out/>
  <testcase name="brilliant" time="0.000" classname="com.test.Ignore"/>
  <system-out/>
  <testcase name="reynolds" time="0.000" classname="com.test.Ignore"/>
  <system-out/>
  <testcase name="doms" time="0.000" classname="com.test.Ignore"/>
  <system-out/>
  <testcase name="pilot" time="0.000" classname="com.test.Ignore"/>
  <system-out/>
  <testcase name="cello" time="0.000" classname="com.test.Ignore"/>
  <system-out/>
  <testcase name="natraj" time="0.000" classname="com.test.Ignore"/>
  <system-out/>
  <testcase name="cosco" time="0.000" classname="com.test.Ignore"/>
  <system-out/>
  <testcase name="flair" time="0.000" classname="com.test.Ignore"/>
  <system-out/>
  <testcase name="camlin" time="0.000" classname="com.test.Ignore"/>
  <system-out/>
</testsuite> <!-- com.test.Ignore -->
