<?xml version="1.0" encoding="UTF-8"?>
<!-- Generated by org.testng.reporters.JUnitReportReporter -->
<testsuite skipped="0" hostname="LAPTOP-78A1A2K5" name="com.Test_NG.Parameters_Data" tests="1" failures="0" timestamp="2021-10-02T07:22:38 IST" time="0.005" errors="0">
  <testcase name="userdata" time="0.005" classname="com.Test_NG.Parameters_Data"/>
  <system-out/>
</testsuite> <!-- com.Test_NG.Parameters_Data -->
