<?xml version="1.0" encoding="UTF-8"?>
<!-- Generated by org.testng.reporters.JUnitReportReporter -->
<testsuite skipped="0" hostname="LAPTOP-78A1A2K5" name="com.Test_NG.Data_Provider" tests="3" failures="0" timestamp="2021-09-21T20:07:11 IST" time="0.005" errors="0">
  <testcase name="userData" time="0.004" classname="com.Test_NG.Data_Provider"/>
  <system-out/>
  <testcase name="userData" time="0.001" classname="com.Test_NG.Data_Provider"/>
  <system-out/>
  <testcase name="userData" time="0.000" classname="com.Test_NG.Data_Provider"/>
  <system-out/>
</testsuite> <!-- com.Test_NG.Data_Provider -->
