<?xml version="1.0" encoding="UTF-8"?>
<!-- Generated by org.testng.reporters.JUnitReportReporter -->
<testsuite skipped="0" hostname="LAPTOP-78A1A2K5" name="com.test.Data_Provider" tests="3" failures="0" timestamp="2021-10-13T10:49:13 IST" time="48.212" errors="0">
  <testcase name="login" time="15.658" classname="com.test.Data_Provider"/>
  <system-out/>
  <testcase name="login" time="16.736" classname="com.test.Data_Provider"/>
  <system-out/>
  <testcase name="login" time="15.818" classname="com.test.Data_Provider"/>
  <system-out/>
</testsuite> <!-- com.test.Data_Provider -->
