<?xml version="1.0" encoding="UTF-8"?>
<!-- Generated by org.testng.reporters.JUnitReportReporter -->
<testsuite skipped="0" hostname="LAPTOP-78A1A2K5" name="com.test.Parallel_Test" tests="1" failures="0" timestamp="2021-10-12T13:30:59 IST" time="18.130" errors="0">
  <testcase name="login" time="18.130" classname="com.test.Parallel_Test"/>
  <system-out/>
</testsuite> <!-- com.test.Parallel_Test -->
