<?xml version="1.0" encoding="UTF-8"?>
<!-- Generated by org.testng.reporters.JUnitReportReporter -->
<testsuite skipped="2" hostname="LAPTOP-78A1A2K5" name="com.test.Ignor" tests="11" failures="0" timestamp="2021-10-04T11:09:14 IST" time="0.033" errors="0">
  <testcase name="brilliant" time="0.016" classname="com.test.Ignor"/>
  <system-out/>
  <testcase name="reynolds" time="0.001" classname="com.test.Ignor"/>
  <system-out/>
  <testcase name="doms" time="0.000" classname="com.test.Ignor"/>
  <system-out/>
  <testcase name="pilot" time="0.000" classname="com.test.Ignor"/>
  <system-out/>
  <testcase name="cello" time="0.000" classname="com.test.Ignor"/>
  <system-out/>
  <testcase name="natraj" time="0.000" classname="com.test.Ignor"/>
  <system-out/>
  <testcase name="cosco" time="0.000" classname="com.test.Ignor"/>
  <system-out/>
  <testcase name="flair" time="0.000" classname="com.test.Ignor"/>
  <system-out/>
  <testcase name="camlin" time="0.016" classname="com.test.Ignor"/>
  <system-out/>
  <testcase name="classMate" classname="com.test.Ignor">
    <skipped/>
  </testcase> <!-- classMate -->
  <system-out/>
  <testcase name="montex" classname="com.test.Ignor">
    <skipped/>
  </testcase> <!-- montex -->
  <system-out/>
</testsuite> <!-- com.test.Ignor -->
