<?xml version="1.0" encoding="UTF-8"?>
<!-- Generated by org.testng.reporters.JUnitReportReporter -->
<testsuite skipped="0" hostname="LAPTOP-78A1A2K5" name="com.Test_NG.Grouping_Test" tests="6" failures="0" timestamp="2021-09-21T20:33:09 IST" time="0.012" errors="0">
  <testcase name="instagram" time="0.001" classname="com.Test_NG.Grouping_Test"/>
  <system-out/>
  <testcase name="facebook" time="0.007" classname="com.Test_NG.Grouping_Test"/>
  <system-out/>
  <testcase name="gaana" time="0.001" classname="com.Test_NG.Grouping_Test"/>
  <system-out/>
  <testcase name="spotify" time="0.001" classname="com.Test_NG.Grouping_Test"/>
  <system-out/>
  <testcase name="whatsApp" time="0.001" classname="com.Test_NG.Grouping_Test"/>
  <system-out/>
  <testcase name="saavan" time="0.001" classname="com.Test_NG.Grouping_Test"/>
  <system-out/>
</testsuite> <!-- com.Test_NG.Grouping_Test -->
