<?xml version="1.0" encoding="UTF-8"?>
<!-- Generated by org.testng.reporters.JUnitReportReporter -->
<testsuite skipped="0" hostname="LAPTOP-78A1A2K5" name="com.test.Ignore_priority" tests="2" failures="0" timestamp="2021-10-12T13:27:31 IST" time="0.007" errors="0">
  <testcase name="brilliant" time="0.006" classname="com.test.Ignore_priority"/>
  <system-out/>
  <testcase name="cosco" time="0.001" classname="com.test.Ignore_priority"/>
  <system-out/>
</testsuite> <!-- com.test.Ignore_priority -->
