<?xml version="1.0" encoding="UTF-8"?>
<!-- Generated by org.testng.reporters.JUnitReportReporter -->
<testsuite skipped="0" hostname="LAPTOP-78A1A2K5" name="com.test.Parameters_Data" tests="3" failures="0" timestamp="2021-10-08T19:59:53 IST" time="102.173" errors="0">
  <testcase name="login" time="33.557" classname="com.test.Parameters_Data"/>
  <system-out/>
  <testcase name="login" time="34.038" classname="com.test.Parameters_Data"/>
  <system-out/>
  <testcase name="login" time="34.578" classname="com.test.Parameters_Data"/>
  <system-out/>
</testsuite> <!-- com.test.Parameters_Data -->
